<?xml version="1.0" encoding="UTF-8"?>
<testng-results ignored="0" total="1" passed="1" failed="0" skipped="0">
  <reporter-output>
  </reporter-output>
  <suite started-at="2023-01-06T15:51:40 IST" name="Default suite" finished-at="2023-01-06T15:51:55 IST" duration-ms="15087">
    <groups>
    </groups>
    <test started-at="2023-01-06T15:51:40 IST" name="Default test" finished-at="2023-01-06T15:51:55 IST" duration-ms="15087">
      <class name="CodeVita.Test_CodeVita.CompareIMDBWiki">
        <test-method signature="compareResult()[pri:0, instance:CodeVita.Test_CodeVita.CompareIMDBWiki@1e04fa0a]" started-at="2023-01-06T15:51:40 IST" name="compareResult" finished-at="2023-01-06T15:51:55 IST" duration-ms="15063" status="PASS">
          <reporter-output>
          </reporter-output>
        </test-method> <!-- compareResult -->
      </class> <!-- CodeVita.Test_CodeVita.CompareIMDBWiki -->
    </test> <!-- Default test -->
  </suite> <!-- Default suite -->
</testng-results>
